<?xml version="1.0" encoding="UTF-8"?>
<testsuite xmlns:xsi="http://www.w3.org/2001/XMLSchema-instance" xsi:noNamespaceSchemaLocation="https://maven.apache.org/surefire/maven-surefire-plugin/xsd/surefire-test-report-3.0.xsd" version="3.0" name="com.tavisca.api.book.service.BookServiceTest" time="0.029" tests="21" errors="0" skipped="0" failures="0">
  <properties>
[...]
</properties>
  <testcase name="getBookInfo_R2_whenBookExists_shouldReturnBook" classname="com.tavisca.api.book.service.BookServiceTest" time="0.009"/>
  <testcase name="borrowBook_R3_whenBookAlreadyBorrowed_shouldReturnError" classname="com.tavisca.api.book.service.BookServiceTest" time="0.0"/>
  <testcase name="returnBook_R2_whenBookNotBorrowed_shouldReturnError" classname="com.tavisca.api.book.service.BookServiceTest" time="0.0"/>
  <testcase name="returnBook_R4_whenRequestIsNull_shouldThrowException" classname="com.tavisca.api.book.service.BookServiceTest" time="0.001"/>
  <testcase name="borrowReturnBorrowAgain_shouldSucceed" classname="com.tavisca.api.book.service.BookServiceTest" time="0.001"/>
  <testcase name="borrowBook_R1_whenBookNotFound_shouldReturnError" classname="com.tavisca.api.book.service.BookServiceTest" time="0.0"/>
  <testcase name="returnBook_R3_whenBookBorrowed_shouldSucceed" classname="com.tavisca.api.book.service.BookServiceTest" time="0.0"/>
  <testcase name="returnBook_twice_shouldFailSecondTime" classname="com.tavisca.api.book.service.BookServiceTest" time="0.001"/>
  <testcase name="getBookInfo_R1_whenBookNotFound_shouldReturnError" classname="com.tavisca.api.book.service.BookServiceTest" time="0.0"/>
  <testcase name="addBook_whenNegativeId_shouldStillAdd" classname="com.tavisca.api.book.service.BookServiceTest" time="0.0"/>
  <testcase name="borrowBook_R4_whenRequestIsNull_shouldThrowException" classname="com.tavisca.api.book.service.BookServiceTest" time="0.0"/>
  <testcase name="addBook_R1_whenBookIdAlreadyExists_shouldReturnError" classname="com.tavisca.api.book.service.BookServiceTest" time="0.0"/>
  <testcase name="borrowBook_twice_shouldFailSecondTime" classname="com.tavisca.api.book.service.BookServiceTest" time="0.0"/>
  <testcase name="addBook_R3_whenBookIsNull_shouldThrowException" classname="com.tavisca.api.book.service.BookServiceTest" time="0.0"/>
  <testcase name="addBook_whenEmptyTitleAndAuthor_shouldSucceed" classname="com.tavisca.api.book.service.BookServiceTest" time="0.001"/>
  <testcase name="borrowBook_withZeroId_shouldReturnError" classname="com.tavisca.api.book.service.BookServiceTest" time="0.0"/>
  <testcase name="getBookInfo_withNegativeId_shouldReturnError" classname="com.tavisca.api.book.service.BookServiceTest" time="0.0"/>
  <testcase name="borrowBook_R2_whenBookAvailable_shouldSucceed" classname="com.tavisca.api.book.service.BookServiceTest" time="0.0"/>
  <testcase name="returnBook_R1_whenBookNotFound_shouldReturnError" classname="com.tavisca.api.book.service.BookServiceTest" time="0.001"/>
  <testcase name="addAndGetMultipleBooks_shouldAllReturnCorrectly" classname="com.tavisca.api.book.service.BookServiceTest" time="0.001"/>
  <testcase name="addBook_R2_whenNewBook_shouldSucceed" classname="com.tavisca.api.book.service.BookServiceTest" time="0.0"/>
</testsuite>